<?xml version="1.0" encoding="UTF-8"?>
<testsuite hostname="de-c-w-869" tests="1" failures="1" timestamp="6 Dec 2015 12:08:57 GMT" time="2.406" errors="0">
  <testcase name="firstTest" time="2.376" classname="InitTest">
    <failure type="java.lang.NoClassDefFoundError" message="org/apache/commons/exec/DaemonExecutor">
      <![CDATA[java.lang.NoClassDefFoundError: org/apache/commons/exec/DaemonExecutor
	at org.openqa.selenium.os.UnixProcess.<init>(UnixProcess.java:52)
	at org.openqa.selenium.os.CommandLine.<init>(CommandLine.java:47)
	at org.openqa.selenium.firefox.FirefoxBinary.startProfile(FirefoxBinary.java:97)
	at org.openqa.selenium.firefox.internal.NewProfileExtensionConnection.start(NewProfileExtensionConnection.java:110)
	at org.openqa.selenium.firefox.FirefoxDriver.startClient(FirefoxDriver.java:271)
	at org.openqa.selenium.remote.RemoteWebDriver.<init>(RemoteWebDriver.java:117)
	at org.openqa.selenium.firefox.FirefoxDriver.<init>(FirefoxDriver.java:216)
	at org.openqa.selenium.firefox.FirefoxDriver.<init>(FirefoxDriver.java:211)
	at org.openqa.selenium.firefox.FirefoxDriver.<init>(FirefoxDriver.java:207)
	at org.openqa.selenium.firefox.FirefoxDriver.<init>(FirefoxDriver.java:120)
	at InitTest.firstTest(InitTest.java:11)
	at org.apache.maven.surefire.testng.TestNGExecutor.run(TestNGExecutor.java:282)
	at org.apache.maven.surefire.testng.TestNGXmlTestSuite.execute(TestNGXmlTestSuite.java:83)
	at org.apache.maven.surefire.testng.TestNGProvider.invoke(TestNGProvider.java:114)
	at org.apache.maven.surefire.booter.ForkedBooter.invokeProviderInSameClassLoader(ForkedBooter.java:286)
	at org.apache.maven.surefire.booter.ForkedBooter.runSuitesInProcess(ForkedBooter.java:240)
	at org.apache.maven.surefire.booter.ForkedBooter.main(ForkedBooter.java:121)
Caused by: java.lang.ClassNotFoundException: org.apache.commons.exec.DaemonExecutor
	at java.net.URLClassLoader.findClass(URLClassLoader.java:381)
	at java.lang.ClassLoader.loadClass(ClassLoader.java:424)
	at sun.misc.Launcher$AppClassLoader.loadClass(Launcher.java:331)
	at java.lang.ClassLoader.loadClass(ClassLoader.java:357)
	... 39 more
... Removed 22 stack frames]]>
    </failure>
  </testcase>
</testsuite>
