-------------------------------------------------------------------------------
Test set: CalcDemoTest
-------------------------------------------------------------------------------
Tests run: 2, Failures: 1, Errors: 0, Skipped: 0, Time elapsed: 13.397 sec <<< FAILURE!
targetServerReady(CalcDemoTest)  Time elapsed: 0.028 sec  <<< FAILURE!
java.lang.AssertionError: Calculator
	at org.junit.Assert.fail(Assert.java:91)
	at org.junit.Assert.assertTrue(Assert.java:43)
	at CalcDemoTest.targetServerReady(CalcDemoTest.java:95)
