-------------------------------------------------------------------------------
Test set: InitTest
-------------------------------------------------------------------------------
Tests run: 1, Failures: 1, Errors: 0, Skipped: 0, Time elapsed: 1.919 sec <<< FAILURE! - in InitTest
firstTest(InitTest)  Time elapsed: 1.202 sec  <<< FAILURE!
java.lang.NoClassDefFoundError: org/apache/http/conn/HttpClientConnectionManager
	at InitTest.firstTest(InitTest.java:11)
Caused by: java.lang.ClassNotFoundException: org.apache.http.conn.HttpClientConnectionManager
	at InitTest.firstTest(InitTest.java:11)

