-------------------------------------------------------------------------------
Test set: TestSuite
-------------------------------------------------------------------------------
Tests run: 1, Failures: 1, Errors: 0, Skipped: 0, Time elapsed: 3.598 sec <<< FAILURE! - in TestSuite
firstTest(InitTest)  Time elapsed: 2.386 sec  <<< FAILURE!
java.lang.NoClassDefFoundError: org/apache/commons/exec/DaemonExecutor
	at InitTest.firstTest(InitTest.java:11)
Caused by: java.lang.ClassNotFoundException: org.apache.commons.exec.DaemonExecutor
	at InitTest.firstTest(InitTest.java:11)

