<?xml version="1.0" encoding="UTF-8"?>
<testng-results skipped="0" failed="0" total="2" passed="2">
  <reporter-output>
  </reporter-output>
  <suite name="Suite" duration-ms="1323" started-at="2015-12-07T20:39:48Z" finished-at="2015-12-07T20:39:49Z">
    <groups>
    </groups>
    <test name="Test" duration-ms="1323" started-at="2015-12-07T20:39:48Z" finished-at="2015-12-07T20:39:49Z">
      <class name="CalcDemoTest">
        <test-method status="PASS" signature="suiteSetUp()[pri:0, instance:CalcDemoTest@4411d970]" name="suiteSetUp" is-config="true" duration-ms="9625" started-at="2015-12-07T21:39:38Z" finished-at="2015-12-07T21:39:48Z">
          <reporter-output>
          </reporter-output>
        </test-method> <!-- suiteSetUp -->
        <test-method status="PASS" signature="simpleTest()[pri:0, instance:CalcDemoTest@4411d970]" name="simpleTest" duration-ms="1210" started-at="2015-12-07T21:39:48Z" finished-at="2015-12-07T21:39:49Z">
          <reporter-output>
          </reporter-output>
        </test-method> <!-- simpleTest -->
        <test-method status="PASS" signature="targetServerReady()[pri:0, instance:CalcDemoTest@4411d970]" name="targetServerReady" duration-ms="81" started-at="2015-12-07T21:39:49Z" finished-at="2015-12-07T21:39:49Z">
          <reporter-output>
          </reporter-output>
        </test-method> <!-- targetServerReady -->
        <test-method status="PASS" signature="suiteTearDown()[pri:0, instance:CalcDemoTest@4411d970]" name="suiteTearDown" is-config="true" duration-ms="731" started-at="2015-12-07T21:39:49Z" finished-at="2015-12-07T21:39:50Z">
          <reporter-output>
          </reporter-output>
        </test-method> <!-- suiteTearDown -->
      </class> <!-- CalcDemoTest -->
    </test> <!-- Test -->
  </suite> <!-- Suite -->
</testng-results>
